<?xml version="1.0" encoding="UTF-8"?>
<testng-results skipped="0" failed="0" ignored="0" total="7" passed="7">
  <reporter-output>
  </reporter-output>
  <suite name="Default suite" duration-ms="18934" started-at="2019-10-16T17:45:56 EDT" finished-at="2019-10-16T17:46:15 EDT">
    <groups>
    </groups>
    <test name="Default test" duration-ms="18934" started-at="2019-10-16T17:45:56 EDT" finished-at="2019-10-16T17:46:15 EDT">
      <class name="io.zahid.selenium.tutorial.site.toolsqa.tests.PracticeFormTest">
        <test-method status="PASS" signature="beforeTest()[pri:0, instance:io.zahid.selenium.tutorial.site.toolsqa.tests.PracticeFormTest@6325a3ee]" name="beforeTest" is-config="true" duration-ms="11569" started-at="2019-10-16T17:45:56 EDT" finished-at="2019-10-16T17:46:07 EDT">
          <reporter-output>
          </reporter-output>
        </test-method> <!-- beforeTest -->
        <test-method status="PASS" signature="testPartialLinkTestLink()[pri:0, instance:io.zahid.selenium.tutorial.site.toolsqa.tests.PracticeFormTest@6325a3ee]" name="testPartialLinkTestLink" duration-ms="1084" started-at="2019-10-16T17:46:07 EDT" finished-at="2019-10-16T17:46:08 EDT">
          <reporter-output>
          </reporter-output>
        </test-method> <!-- testPartialLinkTestLink -->
        <test-method status="PASS" signature="testLinkTestLink()[pri:1, instance:io.zahid.selenium.tutorial.site.toolsqa.tests.PracticeFormTest@6325a3ee]" name="testLinkTestLink" duration-ms="2425" started-at="2019-10-16T17:46:08 EDT" finished-at="2019-10-16T17:46:11 EDT">
          <reporter-output>
          </reporter-output>
        </test-method> <!-- testLinkTestLink -->
        <test-method status="PASS" signature="testFirstNameInput()[pri:2, instance:io.zahid.selenium.tutorial.site.toolsqa.tests.PracticeFormTest@6325a3ee]" name="testFirstNameInput" duration-ms="1077" started-at="2019-10-16T17:46:11 EDT" finished-at="2019-10-16T17:46:12 EDT">
          <reporter-output>
          </reporter-output>
        </test-method> <!-- testFirstNameInput -->
        <test-method status="PASS" signature="testSexRadioButtons()[pri:3, instance:io.zahid.selenium.tutorial.site.toolsqa.tests.PracticeFormTest@6325a3ee]" name="testSexRadioButtons" duration-ms="1638" started-at="2019-10-16T17:46:12 EDT" finished-at="2019-10-16T17:46:13 EDT">
          <reporter-output>
          </reporter-output>
        </test-method> <!-- testSexRadioButtons -->
        <test-method status="PASS" signature="testYearsOfExperienceRadioButtons()[pri:4, instance:io.zahid.selenium.tutorial.site.toolsqa.tests.PracticeFormTest@6325a3ee]" name="testYearsOfExperienceRadioButtons" duration-ms="614" started-at="2019-10-16T17:46:13 EDT" finished-at="2019-10-16T17:46:14 EDT">
          <reporter-output>
          </reporter-output>
        </test-method> <!-- testYearsOfExperienceRadioButtons -->
        <test-method status="PASS" signature="testDateInputs()[pri:5, instance:io.zahid.selenium.tutorial.site.toolsqa.tests.PracticeFormTest@6325a3ee]" name="testDateInputs" duration-ms="115" started-at="2019-10-16T17:46:14 EDT" finished-at="2019-10-16T17:46:14 EDT">
          <reporter-output>
          </reporter-output>
        </test-method> <!-- testDateInputs -->
        <test-method status="PASS" signature="testProfessionCheckbox()[pri:6, instance:io.zahid.selenium.tutorial.site.toolsqa.tests.PracticeFormTest@6325a3ee]" name="testProfessionCheckbox" duration-ms="157" started-at="2019-10-16T17:46:14 EDT" finished-at="2019-10-16T17:46:14 EDT">
          <reporter-output>
          </reporter-output>
        </test-method> <!-- testProfessionCheckbox -->
        <test-method status="PASS" signature="afterTest()[pri:0, instance:io.zahid.selenium.tutorial.site.toolsqa.tests.PracticeFormTest@6325a3ee]" name="afterTest" is-config="true" duration-ms="194" started-at="2019-10-16T17:46:14 EDT" finished-at="2019-10-16T17:46:15 EDT">
          <reporter-output>
          </reporter-output>
        </test-method> <!-- afterTest -->
      </class> <!-- io.zahid.selenium.tutorial.site.toolsqa.tests.PracticeFormTest -->
    </test> <!-- Default test -->
  </suite> <!-- Default suite -->
</testng-results>
